<?xml version="1.0" encoding="UTF-8"?>
<testng-results skipped="0" failed="0" ignored="0" total="1" passed="1">
  <reporter-output>
  </reporter-output>
  <suite name="Default suite" duration-ms="61397" started-at="2019-03-07T19:01:31Z" finished-at="2019-03-07T19:02:32Z">
    <groups>
    </groups>
    <test name="Default test" duration-ms="61397" started-at="2019-03-07T19:01:31Z" finished-at="2019-03-07T19:02:32Z">
      <class name="projects.training.weekTwo.TestToCreateNewGroup">
        <test-method status="PASS" signature="setUpBeforeClass()[pri:0, instance:projects.training.weekTwo.TestToCreateNewGroup@6f7fd0e6]" name="setUpBeforeClass" is-config="true" duration-ms="16" started-at="2019-03-07T19:01:31Z" finished-at="2019-03-07T19:01:31Z">
          <reporter-output>
          </reporter-output>
        </test-method> <!-- setUpBeforeClass -->
        <test-method status="PASS" signature="setUp()[pri:0, instance:projects.training.weekTwo.TestToCreateNewGroup@6f7fd0e6]" name="setUp" is-config="true" duration-ms="8451" started-at="2019-03-07T19:01:31Z" finished-at="2019-03-07T19:01:39Z">
          <reporter-output>
          </reporter-output>
        </test-method> <!-- setUp -->
        <test-method status="PASS" signature="validLoginTest()[pri:0, instance:projects.training.weekTwo.TestToCreateNewGroup@6f7fd0e6]" name="validLoginTest" is-config="true" duration-ms="2808" started-at="2019-03-07T19:01:39Z" finished-at="2019-03-07T19:01:42Z">
          <reporter-output>
          </reporter-output>
        </test-method> <!-- validLoginTest -->
        <test-method status="PASS" signature="TestToCreateNewGroup_test()[pri:0, instance:projects.training.weekTwo.TestToCreateNewGroup@6f7fd0e6]" name="TestToCreateNewGroup_test" duration-ms="50100" started-at="2019-03-07T19:01:42Z" finished-at="2019-03-07T19:02:32Z">
          <reporter-output>
          </reporter-output>
        </test-method> <!-- TestToCreateNewGroup_test -->
      </class> <!-- projects.training.weekTwo.TestToCreateNewGroup -->
    </test> <!-- Default test -->
  </suite> <!-- Default suite -->
</testng-results>
