<?xml version="1.0" encoding="UTF-8"?>
<testng-results skipped="0" failed="0" ignored="0" total="1" passed="1">
  <reporter-output>
  </reporter-output>
  <suite name="Default suite" duration-ms="29540" started-at="2019-03-11T20:57:42Z" finished-at="2019-03-11T20:58:11Z">
    <groups>
    </groups>
    <test name="Default test" duration-ms="29540" started-at="2019-03-11T20:57:42Z" finished-at="2019-03-11T20:58:11Z">
      <class name="projects.training.weekThree.testToCheckIfAddedProductsAreDisplayedInHomeScreen">
        <test-method status="PASS" signature="setUpBeforeClass()[pri:0, instance:projects.training.weekThree.testToCheckIfAddedProductsAreDisplayedInHomeScreen@3e6fa38a]" name="setUpBeforeClass" is-config="true" duration-ms="28" started-at="2019-03-11T20:57:42Z" finished-at="2019-03-11T20:57:42Z">
          <reporter-output>
          </reporter-output>
        </test-method> <!-- setUpBeforeClass -->
        <test-method status="PASS" signature="setUp()[pri:0, instance:projects.training.weekThree.testToCheckIfAddedProductsAreDisplayedInHomeScreen@3e6fa38a]" name="setUp" is-config="true" duration-ms="8823" started-at="2019-03-11T20:57:43Z" finished-at="2019-03-11T20:57:51Z">
          <reporter-output>
          </reporter-output>
        </test-method> <!-- setUp -->
        <test-method status="PASS" signature="validLoginTest()[pri:0, instance:projects.training.weekThree.testToCheckIfAddedProductsAreDisplayedInHomeScreen@3e6fa38a]" name="validLoginTest" is-config="true" duration-ms="2447" started-at="2019-03-11T20:57:51Z" finished-at="2019-03-11T20:57:54Z">
          <reporter-output>
          </reporter-output>
        </test-method> <!-- validLoginTest -->
        <test-method status="PASS" signature="testToCheckIfAddedProductsAreDisplayedInHomeScreen_test(java.lang.String, java.lang.String, java.lang.String, java.lang.String, java.lang.String, java.lang.String, java.lang.String)[pri:0, instance:projects.training.weekThree.testToCheckIfAddedProductsAreDisplayedInHomeScreen@3e6fa38a]" name="testToCheckIfAddedProductsAreDisplayedInHomeScreen_test" duration-ms="15636" started-at="2019-03-11T20:57:54Z" data-provider="db-customer-inputs" finished-at="2019-03-11T20:58:09Z">
          <params>
            <param index="0">
              <value>
                <![CDATA[MRF BAT]]>
              </value>
            </param>
            <param index="1">
              <value>
                <![CDATA[Cricket Bat]]>
              </value>
            </param>
            <param index="2">
              <value>
                <![CDATA[MRF]]>
              </value>
            </param>
            <param index="3">
              <value>
                <![CDATA[SKU-012]]>
              </value>
            </param>
            <param index="4">
              <value>
                <![CDATA[500]]>
              </value>
            </param>
            <param index="5">
              <value>
                <![CDATA[50]]>
              </value>
            </param>
            <param index="6">
              <value>
                <![CDATA[Sports]]>
              </value>
            </param>
          </params>
          <reporter-output>
          </reporter-output>
        </test-method> <!-- testToCheckIfAddedProductsAreDisplayedInHomeScreen_test -->
        <test-method status="PASS" signature="tearDown()[pri:0, instance:projects.training.weekThree.testToCheckIfAddedProductsAreDisplayedInHomeScreen@3e6fa38a]" name="tearDown" is-config="true" duration-ms="2076" started-at="2019-03-11T20:58:09Z" finished-at="2019-03-11T20:58:11Z">
          <reporter-output>
          </reporter-output>
        </test-method> <!-- tearDown -->
      </class> <!-- projects.training.weekThree.testToCheckIfAddedProductsAreDisplayedInHomeScreen -->
    </test> <!-- Default test -->
  </suite> <!-- Default suite -->
</testng-results>
